<?xml version="1.0" encoding="UTF-8"?>
<testsuite xmlns:xsi="http://www.w3.org/2001/XMLSchema-instance" xsi:noNamespaceSchemaLocation="https://maven.apache.org/surefire/maven-failsafe-plugin/xsd/failsafe-test-report-3.0.xsd" version="3.0" name="simple.MavenIT" time="0.011" tests="7" errors="0" skipped="0" failures="0">
  <properties>
[...]
</properties>
  <testcase name="simple.MavenIT.testmul()" classname="simple.MavenIT" time="0.001"/>
  <testcase name="simple.MavenIT.testadd3()" classname="simple.MavenIT" time="0.001"/>
  <testcase name="simple.MavenIT.testadd1()" classname="simple.MavenIT" time="0"/>
  <testcase name="simple.MavenIT.testmul1()" classname="simple.MavenIT" time="0.001"/>
  <testcase name="simple.MavenIT.testHello()" classname="simple.MavenIT" time="0"/>
  <testcase name="simple.MavenIT.testmaven()" classname="simple.MavenIT" time="0.001"/>
  <testcase name="simple.MavenIT.testadd2()" classname="simple.MavenIT" time="0.001"/>
</testsuite>